<?xml version="1.0" encoding="UTF-8"?>
<coverage generated="1782876787759" clover="3.2.0">
  <project timestamp="1782876787759" name="All files">
    <metrics statements="127" coveredstatements="118" conditionals="72" coveredconditionals="62" methods="56" coveredmethods="50" elements="255" coveredelements="230" complexity="0" loc="127" ncloc="127" packages="4" files="4" classes="4"/>
    <package name="components.auth">
      <metrics statements="14" coveredstatements="13" conditionals="13" coveredconditionals="11" methods="4" coveredmethods="4"/>
      <file name="RouteGuard.jsx" path="D:\Desktop\Incture training\Proj_app\src\components\auth\RouteGuard.jsx">
        <metrics statements="14" coveredstatements="13" conditionals="13" coveredconditionals="11" methods="4" coveredmethods="4"/>
        <line num="4" count="1" type="stmt"/>
        <line num="5" count="6" type="stmt"/>
        <line num="6" count="6" type="stmt"/>
        <line num="7" count="3" type="stmt"/>
        <line num="9" count="3" type="cond" truecount="2" falsecount="0"/>
        <line num="10" count="1" type="stmt"/>
        <line num="13" count="2" type="cond" truecount="5" falsecount="0"/>
        <line num="14" count="1" type="stmt"/>
        <line num="17" count="1" type="cond" truecount="1" falsecount="1"/>
        <line num="18" count="1" type="stmt"/>
        <line num="19" count="3" type="cond" truecount="2" falsecount="0"/>
        <line num="21" count="1" type="cond" truecount="1" falsecount="1"/>
        <line num="22" count="0" type="stmt"/>
        <line num="26" count="1" type="stmt"/>
      </file>
    </package>
    <package name="pages.auth">
      <metrics statements="8" coveredstatements="8" conditionals="2" coveredconditionals="2" methods="2" coveredmethods="2"/>
      <file name="ForgotPasswordPage.jsx" path="D:\Desktop\Incture training\Proj_app\src\pages\auth\ForgotPasswordPage.jsx">
        <metrics statements="8" coveredstatements="8" conditionals="2" coveredconditionals="2" methods="2" coveredmethods="2"/>
        <line num="7" count="1" type="stmt"/>
        <line num="11" count="1" type="stmt"/>
        <line num="12" count="7" type="stmt"/>
        <line num="18" count="7" type="stmt"/>
        <line num="20" count="7" type="stmt"/>
        <line num="21" count="1" type="stmt"/>
        <line num="22" count="1" type="stmt"/>
        <line num="25" count="7" type="stmt"/>
      </file>
    </package>
    <package name="pages.dashboard">
      <metrics statements="40" coveredstatements="39" conditionals="29" coveredconditionals="26" methods="23" coveredmethods="23"/>
      <file name="DashboardPage.jsx" path="D:\Desktop\Incture training\Proj_app\src\pages\dashboard\DashboardPage.jsx">
        <metrics statements="40" coveredstatements="39" conditionals="29" coveredconditionals="26" methods="23" coveredmethods="23"/>
        <line num="38" count="1" type="stmt"/>
        <line num="47" count="1" type="stmt"/>
        <line num="53" count="1" type="stmt"/>
        <line num="54" count="4" type="stmt"/>
        <line num="55" count="10" type="stmt"/>
        <line num="56" count="10" type="stmt"/>
        <line num="57" count="10" type="stmt"/>
        <line num="58" count="10" type="stmt"/>
        <line num="59" count="10" type="stmt"/>
        <line num="60" count="10" type="stmt"/>
        <line num="61" count="10" type="stmt"/>
        <line num="62" count="10" type="stmt"/>
        <line num="63" count="10" type="stmt"/>
        <line num="65" count="4" type="cond" truecount="5" falsecount="0"/>
        <line num="67" count="4" type="stmt"/>
        <line num="68" count="4" type="cond" truecount="2" falsecount="2"/>
        <line num="69" count="0" type="stmt"/>
        <line num="72" count="4" type="cond" truecount="4" falsecount="0"/>
        <line num="73" count="1" type="stmt"/>
        <line num="76" count="4" type="cond" truecount="4" falsecount="0"/>
        <line num="77" count="1" type="stmt"/>
        <line num="80" count="4" type="cond" truecount="4" falsecount="0"/>
        <line num="81" count="1" type="stmt"/>
        <line num="85" count="10" type="cond" truecount="2" falsecount="0"/>
        <line num="87" count="4" type="stmt"/>
        <line num="96" count="120" type="stmt"/>
        <line num="102" count="120" type="stmt"/>
        <line num="108" count="120" type="stmt"/>
        <line num="120" count="1" type="cond" truecount="1" falsecount="1"/>
        <line num="132" count="4" type="cond" truecount="2" falsecount="0"/>
        <line num="133" count="1" type="stmt"/>
        <line num="134" count="36" type="stmt"/>
        <line num="139" count="4" type="stmt"/>
        <line num="144" count="4" type="cond" truecount="2" falsecount="0"/>
        <line num="145" count="2" type="stmt"/>
        <line num="157" count="14" type="stmt"/>
        <line num="189" count="2" type="stmt"/>
        <line num="202" count="14" type="stmt"/>
        <line num="258" count="6" type="stmt"/>
        <line num="321" count="1" type="stmt"/>
      </file>
    </package>
    <package name="pages.procurement">
      <metrics statements="65" coveredstatements="58" conditionals="28" coveredconditionals="23" methods="27" coveredmethods="21"/>
      <file name="ProcurementPage.jsx" path="D:\Desktop\Incture training\Proj_app\src\pages\procurement\ProcurementPage.jsx">
        <metrics statements="65" coveredstatements="58" conditionals="28" coveredconditionals="23" methods="27" coveredmethods="21"/>
        <line num="32" count="1" type="stmt"/>
        <line num="39" count="1" type="stmt"/>
        <line num="40" count="54" type="stmt"/>
        <line num="50" count="0" type="stmt"/>
        <line num="57" count="1" type="stmt"/>
        <line num="58" count="26" type="stmt"/>
        <line num="59" count="26" type="stmt"/>
        <line num="60" count="26" type="stmt"/>
        <line num="61" count="26" type="stmt"/>
        <line num="62" count="26" type="stmt"/>
        <line num="63" count="26" type="stmt"/>
        <line num="64" count="26" type="stmt"/>
        <line num="66" count="26" type="stmt"/>
        <line num="67" count="12" type="stmt"/>
        <line num="70" count="26" type="stmt"/>
        <line num="71" count="3" type="stmt"/>
        <line num="72" count="3" type="stmt"/>
        <line num="75" count="26" type="stmt"/>
        <line num="76" count="12" type="stmt"/>
        <line num="78" count="12" type="stmt"/>
        <line num="80" count="360" type="cond" truecount="4" falsecount="0"/>
        <line num="85" count="360" type="cond" truecount="1" falsecount="1"/>
        <line num="86" count="360" type="cond" truecount="1" falsecount="1"/>
        <line num="87" count="360" type="cond" truecount="1" falsecount="1"/>
        <line num="89" count="360" type="cond" truecount="4" falsecount="0"/>
        <line num="93" count="26" type="stmt"/>
        <line num="94" count="14" type="stmt"/>
        <line num="95" count="14" type="stmt"/>
        <line num="96" count="643" type="stmt"/>
        <line num="97" count="643" type="stmt"/>
        <line num="98" count="643" type="cond" truecount="2" falsecount="0"/>
        <line num="100" count="643" type="cond" truecount="2" falsecount="2"/>
        <line num="101" count="0" type="stmt"/>
        <line num="104" count="643" type="stmt"/>
        <line num="107" count="14" type="stmt"/>
        <line num="110" count="26" type="stmt"/>
        <line num="111" count="14" type="stmt"/>
        <line num="112" count="14" type="stmt"/>
        <line num="115" count="26" type="stmt"/>
        <line num="117" count="26" type="stmt"/>
        <line num="118" count="2" type="stmt"/>
        <line num="124" count="26" type="stmt"/>
        <line num="125" count="0" type="stmt"/>
        <line num="128" count="26" type="stmt"/>
        <line num="129" count="30" type="stmt"/>
        <line num="138" count="1" type="stmt"/>
        <line num="139" count="1" type="stmt"/>
        <line num="141" count="30" type="stmt"/>
        <line num="144" count="1" type="stmt"/>
        <line num="145" count="1" type="stmt"/>
        <line num="146" count="1" type="stmt"/>
        <line num="147" count="1" type="stmt"/>
        <line num="148" count="1" type="stmt"/>
        <line num="149" count="1" type="stmt"/>
        <line num="150" count="1" type="stmt"/>
        <line num="153" count="26" type="stmt"/>
        <line num="171" count="9" type="stmt"/>
        <line num="177" count="0" type="stmt"/>
        <line num="186" count="0" type="stmt"/>
        <line num="187" count="0" type="stmt"/>
        <line num="207" count="156" type="stmt"/>
        <line num="212" count="2" type="stmt"/>
        <line num="225" count="15" type="stmt"/>
        <line num="230" count="80" type="stmt"/>
        <line num="243" count="0" type="stmt"/>
      </file>
    </package>
  </project>
</coverage>
