{"D:\\Desktop\\Incture training\\Proj_app\\src\\components\\auth\\RouteGuard.jsx": {"path":"D:\\Desktop\\Incture training\\Proj_app\\src\\components\\auth\\RouteGuard.jsx","statementMap":{"0":{"start":{"line":4,"column":19},"end":{"line":27,"column":1}},"1":{"start":{"line":5,"column":26},"end":{"line":5,"column":76}},"2":{"start":{"line":5,"column":49},"end":{"line":5,"column":75}},"3":{"start":{"line":6,"column":15},"end":{"line":6,"column":54}},"4":{"start":{"line":6,"column":38},"end":{"line":6,"column":53}},"5":{"start":{"line":7,"column":19},"end":{"line":7,"column":32}},"6":{"start":{"line":9,"column":2},"end":{"line":11,"column":3}},"7":{"start":{"line":10,"column":4},"end":{"line":10,"column":70}},"8":{"start":{"line":13,"column":2},"end":{"line":15,"column":3}},"9":{"start":{"line":14,"column":4},"end":{"line":14,"column":47}},"10":{"start":{"line":17,"column":2},"end":{"line":24,"column":3}},"11":{"start":{"line":18,"column":34},"end":{"line":18,"column":95}},"12":{"start":{"line":19,"column":22},"end":{"line":19,"column":133}},"13":{"start":{"line":19,"column":60},"end":{"line":19,"column":132}},"14":{"start":{"line":21,"column":4},"end":{"line":23,"column":5}},"15":{"start":{"line":22,"column":6},"end":{"line":22,"column":49}},"16":{"start":{"line":26,"column":2},"end":{"line":26,"column":17}}},"fnMap":{"0":{"name":"(anonymous_0)","decl":{"start":{"line":4,"column":19},"end":{"line":4,"column":20}},"loc":{"start":{"line":4,"column":51},"end":{"line":27,"column":1}},"line":4},"1":{"name":"(anonymous_1)","decl":{"start":{"line":5,"column":38},"end":{"line":5,"column":39}},"loc":{"start":{"line":5,"column":49},"end":{"line":5,"column":75}},"line":5},"2":{"name":"(anonymous_2)","decl":{"start":{"line":6,"column":27},"end":{"line":6,"column":28}},"loc":{"start":{"line":6,"column":38},"end":{"line":6,"column":53}},"line":6},"3":{"name":"(anonymous_3)","decl":{"start":{"line":19,"column":49},"end":{"line":19,"column":50}},"loc":{"start":{"line":19,"column":60},"end":{"line":19,"column":132}},"line":19}},"branchMap":{"0":{"loc":{"start":{"line":9,"column":2},"end":{"line":11,"column":3}},"type":"if","locations":[{"start":{"line":9,"column":2},"end":{"line":11,"column":3}},{"start":{},"end":{}}],"line":9},"1":{"loc":{"start":{"line":13,"column":2},"end":{"line":15,"column":3}},"type":"if","locations":[{"start":{"line":13,"column":2},"end":{"line":15,"column":3}},{"start":{},"end":{}}],"line":13},"2":{"loc":{"start":{"line":13,"column":6},"end":{"line":13,"column":69}},"type":"binary-expr","locations":[{"start":{"line":13,"column":6},"end":{"line":13,"column":18}},{"start":{"line":13,"column":22},"end":{"line":13,"column":32}},{"start":{"line":13,"column":36},"end":{"line":13,"column":69}}],"line":13},"3":{"loc":{"start":{"line":17,"column":2},"end":{"line":24,"column":3}},"type":"if","locations":[{"start":{"line":17,"column":2},"end":{"line":24,"column":3}},{"start":{},"end":{}}],"line":17},"4":{"loc":{"start":{"line":19,"column":60},"end":{"line":19,"column":132}},"type":"binary-expr","locations":[{"start":{"line":19,"column":60},"end":{"line":19,"column":87}},{"start":{"line":19,"column":91},"end":{"line":19,"column":132}}],"line":19},"5":{"loc":{"start":{"line":21,"column":4},"end":{"line":23,"column":5}},"type":"if","locations":[{"start":{"line":21,"column":4},"end":{"line":23,"column":5}},{"start":{},"end":{}}],"line":21}},"s":{"0":1,"1":3,"2":6,"3":3,"4":6,"5":3,"6":3,"7":1,"8":2,"9":1,"10":1,"11":1,"12":1,"13":3,"14":1,"15":0,"16":1},"f":{"0":3,"1":6,"2":6,"3":3},"b":{"0":[1,2],"1":[1,1],"2":[2,1,1],"3":[1,0],"4":[3,2],"5":[0,1]},"_coverageSchema":"1a1c01bbd47fc00a2c39e90264f33305004495a9","hash":"bcdfe29da46c14165760e90f8553f8fcda7eecd1"}
,"D:\\Desktop\\Incture training\\Proj_app\\src\\pages\\auth\\ForgotPasswordPage.jsx": {"path":"D:\\Desktop\\Incture training\\Proj_app\\src\\pages\\auth\\ForgotPasswordPage.jsx","statementMap":{"0":{"start":{"line":7,"column":15},"end":{"line":9,"column":2}},"1":{"start":{"line":11,"column":27},"end":{"line":52,"column":1}},"2":{"start":{"line":12,"column":26},"end":{"line":12,"column":41}},"3":{"start":{"line":18,"column":6},"end":{"line":18,"column":48}},"4":{"start":{"line":20,"column":19},"end":{"line":23,"column":3}},"5":{"start":{"line":21,"column":4},"end":{"line":21,"column":17}},"6":{"start":{"line":22,"column":4},"end":{"line":22,"column":32}},"7":{"start":{"line":25,"column":2},"end":{"line":51,"column":3}}},"fnMap":{"0":{"name":"(anonymous_0)","decl":{"start":{"line":11,"column":27},"end":{"line":11,"column":28}},"loc":{"start":{"line":11,"column":33},"end":{"line":52,"column":1}},"line":11},"1":{"name":"(anonymous_1)","decl":{"start":{"line":20,"column":19},"end":{"line":20,"column":20}},"loc":{"start":{"line":20,"column":29},"end":{"line":23,"column":3}},"line":20}},"branchMap":{"0":{"loc":{"start":{"line":38,"column":11},"end":{"line":38,"column":94}},"type":"binary-expr","locations":[{"start":{"line":38,"column":11},"end":{"line":38,"column":15}},{"start":{"line":38,"column":19},"end":{"line":38,"column":94}}],"line":38}},"s":{"0":1,"1":1,"2":7,"3":7,"4":7,"5":1,"6":1,"7":7},"f":{"0":7,"1":1},"b":{"0":[7,1]},"_coverageSchema":"1a1c01bbd47fc00a2c39e90264f33305004495a9","hash":"7ef670c05a82584127d996b776db199e58b104ac"}
,"D:\\Desktop\\Incture training\\Proj_app\\src\\pages\\dashboard\\DashboardPage.jsx": {"path":"D:\\Desktop\\Incture training\\Proj_app\\src\\pages\\dashboard\\DashboardPage.jsx","statementMap":{"0":{"start":{"line":38,"column":27},"end":{"line":45,"column":1}},"1":{"start":{"line":47,"column":25},"end":{"line":51,"column":1}},"2":{"start":{"line":53,"column":22},"end":{"line":341,"column":1}},"3":{"start":{"line":54,"column":19},"end":{"line":54,"column":32}},"4":{"start":{"line":55,"column":26},"end":{"line":55,"column":72}},"5":{"start":{"line":55,"column":49},"end":{"line":55,"column":71}},"6":{"start":{"line":56,"column":27},"end":{"line":56,"column":74}},"7":{"start":{"line":56,"column":50},"end":{"line":56,"column":73}},"8":{"start":{"line":57,"column":25},"end":{"line":57,"column":70}},"9":{"start":{"line":57,"column":48},"end":{"line":57,"column":69}},"10":{"start":{"line":58,"column":21},"end":{"line":58,"column":62}},"11":{"start":{"line":58,"column":44},"end":{"line":58,"column":61}},"12":{"start":{"line":59,"column":22},"end":{"line":59,"column":62}},"13":{"start":{"line":59,"column":45},"end":{"line":59,"column":61}},"14":{"start":{"line":60,"column":23},"end":{"line":60,"column":66}},"15":{"start":{"line":60,"column":46},"end":{"line":60,"column":65}},"16":{"start":{"line":61,"column":18},"end":{"line":61,"column":62}},"17":{"start":{"line":61,"column":41},"end":{"line":61,"column":61}},"18":{"start":{"line":62,"column":29},"end":{"line":62,"column":78}},"19":{"start":{"line":62,"column":52},"end":{"line":62,"column":77}},"20":{"start":{"line":63,"column":24},"end":{"line":63,"column":72}},"21":{"start":{"line":63,"column":47},"end":{"line":63,"column":71}},"22":{"start":{"line":65,"column":26},"end":{"line":65,"column":140}},"23":{"start":{"line":67,"column":2},"end":{"line":83,"column":155}},"24":{"start":{"line":68,"column":4},"end":{"line":70,"column":5}},"25":{"start":{"line":69,"column":6},"end":{"line":69,"column":39}},"26":{"start":{"line":72,"column":4},"end":{"line":74,"column":5}},"27":{"start":{"line":73,"column":6},"end":{"line":73,"column":34}},"28":{"start":{"line":76,"column":4},"end":{"line":78,"column":5}},"29":{"start":{"line":77,"column":6},"end":{"line":77,"column":36}},"30":{"start":{"line":80,"column":4},"end":{"line":82,"column":5}},"31":{"start":{"line":81,"column":6},"end":{"line":81,"column":30}},"32":{"start":{"line":85,"column":20},"end":{"line":85,"column":142}},"33":{"start":{"line":85,"column":101},"end":{"line":85,"column":121}},"34":{"start":{"line":87,"column":19},"end":{"line":130,"column":3}},"35":{"start":{"line":96,"column":42},"end":{"line":96,"column":70}},"36":{"start":{"line":102,"column":42},"end":{"line":102,"column":71}},"37":{"start":{"line":108,"column":42},"end":{"line":108,"column":71}},"38":{"start":{"line":120,"column":42},"end":{"line":120,"column":96}},"39":{"start":{"line":132,"column":23},"end":{"line":137,"column":9}},"40":{"start":{"line":133,"column":36},"end":{"line":133,"column":76}},"41":{"start":{"line":134,"column":48},"end":{"line":137,"column":7}},"42":{"start":{"line":139,"column":25},"end":{"line":142,"column":5}},"43":{"start":{"line":139,"column":67},"end":{"line":142,"column":3}},"44":{"start":{"line":144,"column":2},"end":{"line":187,"column":3}},"45":{"start":{"line":145,"column":4},"end":{"line":186,"column":5}},"46":{"start":{"line":157,"column":12},"end":{"line":164,"column":19}},"47":{"start":{"line":189,"column":2},"end":{"line":340,"column":3}},"48":{"start":{"line":202,"column":8},"end":{"line":220,"column":15}},"49":{"start":{"line":258,"column":22},"end":{"line":258,"column":66}},"50":{"start":{"line":321,"column":12},"end":{"line":334,"column":18}}},"fnMap":{"0":{"name":"(anonymous_0)","decl":{"start":{"line":53,"column":22},"end":{"line":53,"column":23}},"loc":{"start":{"line":53,"column":28},"end":{"line":341,"column":1}},"line":53},"1":{"name":"(anonymous_1)","decl":{"start":{"line":55,"column":38},"end":{"line":55,"column":39}},"loc":{"start":{"line":55,"column":49},"end":{"line":55,"column":71}},"line":55},"2":{"name":"(anonymous_2)","decl":{"start":{"line":56,"column":39},"end":{"line":56,"column":40}},"loc":{"start":{"line":56,"column":50},"end":{"line":56,"column":73}},"line":56},"3":{"name":"(anonymous_3)","decl":{"start":{"line":57,"column":37},"end":{"line":57,"column":38}},"loc":{"start":{"line":57,"column":48},"end":{"line":57,"column":69}},"line":57},"4":{"name":"(anonymous_4)","decl":{"start":{"line":58,"column":33},"end":{"line":58,"column":34}},"loc":{"start":{"line":58,"column":44},"end":{"line":58,"column":61}},"line":58},"5":{"name":"(anonymous_5)","decl":{"start":{"line":59,"column":34},"end":{"line":59,"column":35}},"loc":{"start":{"line":59,"column":45},"end":{"line":59,"column":61}},"line":59},"6":{"name":"(anonymous_6)","decl":{"start":{"line":60,"column":35},"end":{"line":60,"column":36}},"loc":{"start":{"line":60,"column":46},"end":{"line":60,"column":65}},"line":60},"7":{"name":"(anonymous_7)","decl":{"start":{"line":61,"column":30},"end":{"line":61,"column":31}},"loc":{"start":{"line":61,"column":41},"end":{"line":61,"column":61}},"line":61},"8":{"name":"(anonymous_8)","decl":{"start":{"line":62,"column":41},"end":{"line":62,"column":42}},"loc":{"start":{"line":62,"column":52},"end":{"line":62,"column":77}},"line":62},"9":{"name":"(anonymous_9)","decl":{"start":{"line":63,"column":36},"end":{"line":63,"column":37}},"loc":{"start":{"line":63,"column":47},"end":{"line":63,"column":71}},"line":63},"10":{"name":"(anonymous_10)","decl":{"start":{"line":67,"column":12},"end":{"line":67,"column":13}},"loc":{"start":{"line":67,"column":18},"end":{"line":83,"column":3}},"line":67},"11":{"name":"(anonymous_11)","decl":{"start":{"line":85,"column":89},"end":{"line":85,"column":90}},"loc":{"start":{"line":85,"column":101},"end":{"line":85,"column":121}},"line":85},"12":{"name":"(anonymous_12)","decl":{"start":{"line":96,"column":29},"end":{"line":96,"column":30}},"loc":{"start":{"line":96,"column":42},"end":{"line":96,"column":70}},"line":96},"13":{"name":"(anonymous_13)","decl":{"start":{"line":102,"column":29},"end":{"line":102,"column":30}},"loc":{"start":{"line":102,"column":42},"end":{"line":102,"column":71}},"line":102},"14":{"name":"(anonymous_14)","decl":{"start":{"line":108,"column":29},"end":{"line":108,"column":30}},"loc":{"start":{"line":108,"column":42},"end":{"line":108,"column":71}},"line":108},"15":{"name":"(anonymous_15)","decl":{"start":{"line":120,"column":32},"end":{"line":120,"column":33}},"loc":{"start":{"line":120,"column":42},"end":{"line":120,"column":96}},"line":120},"16":{"name":"(anonymous_16)","decl":{"start":{"line":133,"column":25},"end":{"line":133,"column":26}},"loc":{"start":{"line":133,"column":36},"end":{"line":133,"column":76}},"line":133},"17":{"name":"(anonymous_17)","decl":{"start":{"line":134,"column":33},"end":{"line":134,"column":34}},"loc":{"start":{"line":134,"column":48},"end":{"line":137,"column":7}},"line":134},"18":{"name":"(anonymous_18)","decl":{"start":{"line":139,"column":56},"end":{"line":139,"column":57}},"loc":{"start":{"line":139,"column":67},"end":{"line":142,"column":3}},"line":139},"19":{"name":"(anonymous_19)","decl":{"start":{"line":156,"column":41},"end":{"line":156,"column":42}},"loc":{"start":{"line":157,"column":12},"end":{"line":164,"column":19}},"line":157},"20":{"name":"(anonymous_20)","decl":{"start":{"line":201,"column":20},"end":{"line":201,"column":21}},"loc":{"start":{"line":202,"column":8},"end":{"line":220,"column":15}},"line":202},"21":{"name":"(anonymous_21)","decl":{"start":{"line":257,"column":42},"end":{"line":257,"column":43}},"loc":{"start":{"line":258,"column":22},"end":{"line":258,"column":66}},"line":258},"22":{"name":"(anonymous_22)","decl":{"start":{"line":320,"column":30},"end":{"line":320,"column":31}},"loc":{"start":{"line":321,"column":12},"end":{"line":334,"column":18}},"line":321}},"branchMap":{"0":{"loc":{"start":{"line":65,"column":34},"end":{"line":65,"column":139}},"type":"binary-expr","locations":[{"start":{"line":65,"column":34},"end":{"line":65,"column":50}},{"start":{"line":65,"column":54},"end":{"line":65,"column":75}},{"start":{"line":65,"column":79},"end":{"line":65,"column":97}},{"start":{"line":65,"column":101},"end":{"line":65,"column":115}},{"start":{"line":65,"column":119},"end":{"line":65,"column":139}}],"line":65},"1":{"loc":{"start":{"line":68,"column":4},"end":{"line":70,"column":5}},"type":"if","locations":[{"start":{"line":68,"column":4},"end":{"line":70,"column":5}},{"start":{},"end":{}}],"line":68},"2":{"loc":{"start":{"line":68,"column":8},"end":{"line":68,"column":55}},"type":"binary-expr","locations":[{"start":{"line":68,"column":8},"end":{"line":68,"column":34}},{"start":{"line":68,"column":38},"end":{"line":68,"column":55}}],"line":68},"3":{"loc":{"start":{"line":72,"column":4},"end":{"line":74,"column":5}},"type":"if","locations":[{"start":{"line":72,"column":4},"end":{"line":74,"column":5}},{"start":{},"end":{}}],"line":72},"4":{"loc":{"start":{"line":72,"column":8},"end":{"line":72,"column":52}},"type":"binary-expr","locations":[{"start":{"line":72,"column":8},"end":{"line":72,"column":29}},{"start":{"line":72,"column":33},"end":{"line":72,"column":52}}],"line":72},"5":{"loc":{"start":{"line":76,"column":4},"end":{"line":78,"column":5}},"type":"if","locations":[{"start":{"line":76,"column":4},"end":{"line":78,"column":5}},{"start":{},"end":{}}],"line":76},"6":{"loc":{"start":{"line":76,"column":8},"end":{"line":76,"column":62}},"type":"binary-expr","locations":[{"start":{"line":76,"column":8},"end":{"line":76,"column":37}},{"start":{"line":76,"column":41},"end":{"line":76,"column":62}}],"line":76},"7":{"loc":{"start":{"line":80,"column":4},"end":{"line":82,"column":5}},"type":"if","locations":[{"start":{"line":80,"column":4},"end":{"line":82,"column":5}},{"start":{},"end":{}}],"line":80},"8":{"loc":{"start":{"line":80,"column":8},"end":{"line":80,"column":50}},"type":"binary-expr","locations":[{"start":{"line":80,"column":8},"end":{"line":80,"column":31}},{"start":{"line":80,"column":35},"end":{"line":80,"column":50}}],"line":80},"9":{"loc":{"start":{"line":85,"column":20},"end":{"line":85,"column":142}},"type":"binary-expr","locations":[{"start":{"line":85,"column":20},"end":{"line":85,"column":122}},{"start":{"line":85,"column":126},"end":{"line":85,"column":142}}],"line":85},"10":{"loc":{"start":{"line":120,"column":42},"end":{"line":120,"column":96}},"type":"binary-expr","locations":[{"start":{"line":120,"column":42},"end":{"line":120,"column":64}},{"start":{"line":120,"column":68},"end":{"line":120,"column":96}}],"line":120},"11":{"loc":{"start":{"line":132,"column":23},"end":{"line":137,"column":9}},"type":"cond-expr","locations":[{"start":{"line":133,"column":6},"end":{"line":133,"column":78}},{"start":{"line":134,"column":6},"end":{"line":137,"column":9}}],"line":132},"12":{"loc":{"start":{"line":144,"column":2},"end":{"line":187,"column":3}},"type":"if","locations":[{"start":{"line":144,"column":2},"end":{"line":187,"column":3}},{"start":{},"end":{}}],"line":144}},"s":{"0":1,"1":1,"2":1,"3":4,"4":4,"5":10,"6":4,"7":10,"8":4,"9":10,"10":4,"11":10,"12":4,"13":10,"14":4,"15":10,"16":4,"17":10,"18":4,"19":10,"20":4,"21":10,"22":4,"23":4,"24":4,"25":0,"26":4,"27":1,"28":4,"29":1,"30":4,"31":1,"32":4,"33":10,"34":4,"35":120,"36":120,"37":120,"38":1,"39":4,"40":1,"41":36,"42":4,"43":1,"44":4,"45":2,"46":14,"47":2,"48":14,"49":6,"50":1},"f":{"0":4,"1":10,"2":10,"3":10,"4":10,"5":10,"6":10,"7":10,"8":10,"9":10,"10":4,"11":10,"12":120,"13":120,"14":120,"15":1,"16":1,"17":36,"18":1,"19":14,"20":14,"21":6,"22":1},"b":{"0":[4,2,2,2,2],"1":[0,4],"2":[4,0],"3":[1,3],"4":[4,1],"5":[1,3],"6":[4,1],"7":[1,3],"8":[4,1],"9":[4,2],"10":[1,0],"11":[1,3],"12":[2,2]},"_coverageSchema":"1a1c01bbd47fc00a2c39e90264f33305004495a9","hash":"21aac30597fd58f26654ed8355d0b89895e1fa9c"}
,"D:\\Desktop\\Incture training\\Proj_app\\src\\pages\\procurement\\ProcurementPage.jsx": {"path":"D:\\Desktop\\Incture training\\Proj_app\\src\\pages\\procurement\\ProcurementPage.jsx","statementMap":{"0":{"start":{"line":32,"column":21},"end":{"line":37,"column":1}},"1":{"start":{"line":39,"column":19},"end":{"line":55,"column":2}},"2":{"start":{"line":40,"column":2},"end":{"line":54,"column":13}},"3":{"start":{"line":50,"column":29},"end":{"line":50,"column":47}},"4":{"start":{"line":57,"column":24},"end":{"line":248,"column":1}},"5":{"start":{"line":58,"column":30},"end":{"line":58,"column":42}},"6":{"start":{"line":59,"column":42},"end":{"line":59,"column":57}},"7":{"start":{"line":60,"column":36},"end":{"line":60,"column":48}},"8":{"start":{"line":61,"column":32},"end":{"line":61,"column":44}},"9":{"start":{"line":62,"column":38},"end":{"line":62,"column":89}},"10":{"start":{"line":63,"column":26},"end":{"line":63,"column":37}},"11":{"start":{"line":64,"column":32},"end":{"line":64,"column":46}},"12":{"start":{"line":66,"column":2},"end":{"line":68,"column":48}},"13":{"start":{"line":67,"column":4},"end":{"line":67,"column":14}},"14":{"start":{"line":70,"column":2},"end":{"line":73,"column":8}},"15":{"start":{"line":71,"column":18},"end":{"line":71,"column":65}},"16":{"start":{"line":71,"column":42},"end":{"line":71,"column":59}},"17":{"start":{"line":72,"column":4},"end":{"line":72,"column":43}},"18":{"start":{"line":72,"column":17},"end":{"line":72,"column":43}},"19":{"start":{"line":75,"column":23},"end":{"line":91,"column":48}},"20":{"start":{"line":76,"column":24},"end":{"line":76,"column":51}},"21":{"start":{"line":78,"column":4},"end":{"line":90,"column":6}},"22":{"start":{"line":80,"column":8},"end":{"line":83,"column":54}},"23":{"start":{"line":85,"column":28},"end":{"line":85,"column":85}},"24":{"start":{"line":86,"column":27},"end":{"line":86,"column":73}},"25":{"start":{"line":87,"column":25},"end":{"line":87,"column":67}},"26":{"start":{"line":89,"column":6},"end":{"line":89,"column":73}},"27":{"start":{"line":93,"column":21},"end":{"line":108,"column":32}},"28":{"start":{"line":94,"column":17},"end":{"line":94,"column":34}},"29":{"start":{"line":95,"column":4},"end":{"line":105,"column":6}},"30":{"start":{"line":96,"column":19},"end":{"line":96,"column":36}},"31":{"start":{"line":97,"column":20},"end":{"line":97,"column":37}},"32":{"start":{"line":98,"column":23},"end":{"line":98,"column":62}},"33":{"start":{"line":100,"column":6},"end":{"line":102,"column":7}},"34":{"start":{"line":101,"column":8},"end":{"line":101,"column":40}},"35":{"start":{"line":104,"column":6},"end":{"line":104,"column":65}},"36":{"start":{"line":107,"column":4},"end":{"line":107,"column":15}},"37":{"start":{"line":110,"column":24},"end":{"line":113,"column":24}},"38":{"start":{"line":111,"column":23},"end":{"line":111,"column":38}},"39":{"start":{"line":112,"column":4},"end":{"line":112,"column":56}},"40":{"start":{"line":115,"column":21},"end":{"line":115,"column":67}},"41":{"start":{"line":117,"column":21},"end":{"line":122,"column":8}},"42":{"start":{"line":118,"column":4},"end":{"line":121,"column":7}},"43":{"start":{"line":118,"column":32},"end":{"line":121,"column":5}},"44":{"start":{"line":124,"column":21},"end":{"line":126,"column":8}},"45":{"start":{"line":125,"column":4},"end":{"line":125,"column":55}},"46":{"start":{"line":128,"column":20},"end":{"line":151,"column":18}},"47":{"start":{"line":129,"column":17},"end":{"line":136,"column":7}},"48":{"start":{"line":129,"column":46},"end":{"line":136,"column":5}},"49":{"start":{"line":138,"column":19},"end":{"line":138,"column":76}},"50":{"start":{"line":139,"column":16},"end":{"line":142,"column":16}},"51":{"start":{"line":141,"column":27},"end":{"line":141,"column":55}},"52":{"start":{"line":144,"column":17},"end":{"line":144,"column":69}},"53":{"start":{"line":145,"column":16},"end":{"line":145,"column":41}},"54":{"start":{"line":146,"column":17},"end":{"line":146,"column":44}},"55":{"start":{"line":147,"column":4},"end":{"line":147,"column":19}},"56":{"start":{"line":148,"column":4},"end":{"line":148,"column":46}},"57":{"start":{"line":149,"column":4},"end":{"line":149,"column":16}},"58":{"start":{"line":150,"column":4},"end":{"line":150,"column":28}},"59":{"start":{"line":153,"column":2},"end":{"line":247,"column":3}},"60":{"start":{"line":171,"column":33},"end":{"line":171,"column":62}},"61":{"start":{"line":177,"column":77},"end":{"line":177,"column":112}},"62":{"start":{"line":186,"column":98},"end":{"line":186,"column":130}},"63":{"start":{"line":187,"column":94},"end":{"line":187,"column":124}},"64":{"start":{"line":207,"column":16},"end":{"line":217,"column":28}},"65":{"start":{"line":212,"column":35},"end":{"line":212,"column":57}},"66":{"start":{"line":225,"column":16},"end":{"line":227,"column":27}},"67":{"start":{"line":230,"column":45},"end":{"line":230,"column":114}},"68":{"start":{"line":243,"column":81},"end":{"line":243,"column":99}}},"fnMap":{"0":{"name":"(anonymous_0)","decl":{"start":{"line":39,"column":24},"end":{"line":39,"column":25}},"loc":{"start":{"line":40,"column":2},"end":{"line":54,"column":13}},"line":40},"1":{"name":"(anonymous_1)","decl":{"start":{"line":50,"column":23},"end":{"line":50,"column":24}},"loc":{"start":{"line":50,"column":29},"end":{"line":50,"column":47}},"line":50},"2":{"name":"(anonymous_2)","decl":{"start":{"line":57,"column":24},"end":{"line":57,"column":25}},"loc":{"start":{"line":57,"column":30},"end":{"line":248,"column":1}},"line":57},"3":{"name":"(anonymous_3)","decl":{"start":{"line":66,"column":12},"end":{"line":66,"column":13}},"loc":{"start":{"line":66,"column":18},"end":{"line":68,"column":3}},"line":66},"4":{"name":"(anonymous_4)","decl":{"start":{"line":70,"column":12},"end":{"line":70,"column":13}},"loc":{"start":{"line":70,"column":18},"end":{"line":73,"column":3}},"line":70},"5":{"name":"(anonymous_5)","decl":{"start":{"line":71,"column":36},"end":{"line":71,"column":37}},"loc":{"start":{"line":71,"column":42},"end":{"line":71,"column":59}},"line":71},"6":{"name":"(anonymous_6)","decl":{"start":{"line":72,"column":11},"end":{"line":72,"column":12}},"loc":{"start":{"line":72,"column":17},"end":{"line":72,"column":43}},"line":72},"7":{"name":"(anonymous_7)","decl":{"start":{"line":75,"column":31},"end":{"line":75,"column":32}},"loc":{"start":{"line":75,"column":37},"end":{"line":91,"column":3}},"line":75},"8":{"name":"(anonymous_8)","decl":{"start":{"line":78,"column":27},"end":{"line":78,"column":28}},"loc":{"start":{"line":78,"column":40},"end":{"line":90,"column":5}},"line":78},"9":{"name":"(anonymous_9)","decl":{"start":{"line":93,"column":29},"end":{"line":93,"column":30}},"loc":{"start":{"line":93,"column":35},"end":{"line":108,"column":3}},"line":93},"10":{"name":"(anonymous_10)","decl":{"start":{"line":95,"column":14},"end":{"line":95,"column":15}},"loc":{"start":{"line":95,"column":24},"end":{"line":105,"column":5}},"line":95},"11":{"name":"(anonymous_11)","decl":{"start":{"line":110,"column":32},"end":{"line":110,"column":33}},"loc":{"start":{"line":110,"column":38},"end":{"line":113,"column":3}},"line":110},"12":{"name":"(anonymous_12)","decl":{"start":{"line":117,"column":33},"end":{"line":117,"column":34}},"loc":{"start":{"line":117,"column":42},"end":{"line":122,"column":3}},"line":117},"13":{"name":"(anonymous_13)","decl":{"start":{"line":118,"column":18},"end":{"line":118,"column":19}},"loc":{"start":{"line":118,"column":32},"end":{"line":121,"column":5}},"line":118},"14":{"name":"(anonymous_14)","decl":{"start":{"line":124,"column":33},"end":{"line":124,"column":34}},"loc":{"start":{"line":124,"column":48},"end":{"line":126,"column":3}},"line":124},"15":{"name":"(anonymous_15)","decl":{"start":{"line":128,"column":32},"end":{"line":128,"column":33}},"loc":{"start":{"line":128,"column":38},"end":{"line":151,"column":3}},"line":128},"16":{"name":"(anonymous_16)","decl":{"start":{"line":129,"column":32},"end":{"line":129,"column":33}},"loc":{"start":{"line":129,"column":46},"end":{"line":136,"column":5}},"line":129},"17":{"name":"(anonymous_17)","decl":{"start":{"line":141,"column":18},"end":{"line":141,"column":19}},"loc":{"start":{"line":141,"column":27},"end":{"line":141,"column":55}},"line":141},"18":{"name":"(anonymous_18)","decl":{"start":{"line":171,"column":22},"end":{"line":171,"column":23}},"loc":{"start":{"line":171,"column":33},"end":{"line":171,"column":62}},"line":171},"19":{"name":"(anonymous_19)","decl":{"start":{"line":177,"column":66},"end":{"line":177,"column":67}},"loc":{"start":{"line":177,"column":77},"end":{"line":177,"column":112}},"line":177},"20":{"name":"(anonymous_20)","decl":{"start":{"line":186,"column":87},"end":{"line":186,"column":88}},"loc":{"start":{"line":186,"column":98},"end":{"line":186,"column":130}},"line":186},"21":{"name":"(anonymous_21)","decl":{"start":{"line":187,"column":83},"end":{"line":187,"column":84}},"loc":{"start":{"line":187,"column":94},"end":{"line":187,"column":124}},"line":187},"22":{"name":"(anonymous_22)","decl":{"start":{"line":206,"column":20},"end":{"line":206,"column":21}},"loc":{"start":{"line":207,"column":16},"end":{"line":217,"column":28}},"line":207},"23":{"name":"(anonymous_23)","decl":{"start":{"line":212,"column":29},"end":{"line":212,"column":30}},"loc":{"start":{"line":212,"column":35},"end":{"line":212,"column":57}},"line":212},"24":{"name":"(anonymous_24)","decl":{"start":{"line":224,"column":44},"end":{"line":224,"column":45}},"loc":{"start":{"line":225,"column":16},"end":{"line":227,"column":27}},"line":225},"25":{"name":"(anonymous_25)","decl":{"start":{"line":230,"column":32},"end":{"line":230,"column":33}},"loc":{"start":{"line":230,"column":45},"end":{"line":230,"column":114}},"line":230},"26":{"name":"(anonymous_26)","decl":{"start":{"line":243,"column":67},"end":{"line":243,"column":68}},"loc":{"start":{"line":243,"column":81},"end":{"line":243,"column":99}},"line":243}},"branchMap":{"0":{"loc":{"start":{"line":80,"column":8},"end":{"line":83,"column":54}},"type":"binary-expr","locations":[{"start":{"line":80,"column":8},"end":{"line":80,"column":20}},{"start":{"line":81,"column":8},"end":{"line":81,"column":57}},{"start":{"line":82,"column":8},"end":{"line":82,"column":62}},{"start":{"line":83,"column":8},"end":{"line":83,"column":54}}],"line":80},"1":{"loc":{"start":{"line":85,"column":28},"end":{"line":85,"column":85}},"type":"binary-expr","locations":[{"start":{"line":85,"column":28},"end":{"line":85,"column":50}},{"start":{"line":85,"column":54},"end":{"line":85,"column":85}}],"line":85},"2":{"loc":{"start":{"line":86,"column":27},"end":{"line":86,"column":73}},"type":"binary-expr","locations":[{"start":{"line":86,"column":27},"end":{"line":86,"column":37}},{"start":{"line":86,"column":41},"end":{"line":86,"column":73}}],"line":86},"3":{"loc":{"start":{"line":87,"column":25},"end":{"line":87,"column":67}},"type":"binary-expr","locations":[{"start":{"line":87,"column":25},"end":{"line":87,"column":33}},{"start":{"line":87,"column":37},"end":{"line":87,"column":67}}],"line":87},"4":{"loc":{"start":{"line":89,"column":13},"end":{"line":89,"column":73}},"type":"binary-expr","locations":[{"start":{"line":89,"column":13},"end":{"line":89,"column":26}},{"start":{"line":89,"column":30},"end":{"line":89,"column":43}},{"start":{"line":89,"column":47},"end":{"line":89,"column":59}},{"start":{"line":89,"column":63},"end":{"line":89,"column":73}}],"line":89},"5":{"loc":{"start":{"line":98,"column":23},"end":{"line":98,"column":62}},"type":"cond-expr","locations":[{"start":{"line":98,"column":56},"end":{"line":98,"column":57}},{"start":{"line":98,"column":60},"end":{"line":98,"column":62}}],"line":98},"6":{"loc":{"start":{"line":100,"column":6},"end":{"line":102,"column":7}},"type":"if","locations":[{"start":{"line":100,"column":6},"end":{"line":102,"column":7}},{"start":{},"end":{}}],"line":100},"7":{"loc":{"start":{"line":100,"column":10},"end":{"line":100,"column":63}},"type":"binary-expr","locations":[{"start":{"line":100,"column":10},"end":{"line":100,"column":34}},{"start":{"line":100,"column":38},"end":{"line":100,"column":63}}],"line":100},"8":{"loc":{"start":{"line":120,"column":17},"end":{"line":120,"column":84}},"type":"cond-expr","locations":[{"start":{"line":120,"column":70},"end":{"line":120,"column":76}},{"start":{"line":120,"column":79},"end":{"line":120,"column":84}}],"line":120},"9":{"loc":{"start":{"line":120,"column":17},"end":{"line":120,"column":67}},"type":"binary-expr","locations":[{"start":{"line":120,"column":17},"end":{"line":120,"column":36}},{"start":{"line":120,"column":40},"end":{"line":120,"column":67}}],"line":120},"10":{"loc":{"start":{"line":223,"column":13},"end":{"line":231,"column":13}},"type":"cond-expr","locations":[{"start":{"line":224,"column":14},"end":{"line":228,"column":16}},{"start":{"line":230,"column":14},"end":{"line":230,"column":115}}],"line":223},"11":{"loc":{"start":{"line":236,"column":7},"end":{"line":245,"column":7}},"type":"cond-expr","locations":[{"start":{"line":237,"column":8},"end":{"line":237,"column":94}},{"start":{"line":239,"column":8},"end":{"line":244,"column":16}}],"line":236}},"s":{"0":1,"1":1,"2":54,"3":0,"4":1,"5":26,"6":26,"7":26,"8":26,"9":26,"10":26,"11":26,"12":26,"13":12,"14":26,"15":3,"16":3,"17":3,"18":3,"19":26,"20":12,"21":12,"22":360,"23":360,"24":360,"25":360,"26":360,"27":26,"28":14,"29":14,"30":643,"31":643,"32":643,"33":643,"34":0,"35":643,"36":14,"37":26,"38":14,"39":14,"40":26,"41":26,"42":2,"43":2,"44":26,"45":0,"46":26,"47":1,"48":30,"49":1,"50":1,"51":30,"52":1,"53":1,"54":1,"55":1,"56":1,"57":1,"58":1,"59":26,"60":9,"61":0,"62":0,"63":0,"64":156,"65":2,"66":15,"67":80,"68":0},"f":{"0":54,"1":0,"2":26,"3":12,"4":3,"5":3,"6":3,"7":12,"8":360,"9":14,"10":643,"11":14,"12":2,"13":2,"14":0,"15":1,"16":30,"17":30,"18":9,"19":0,"20":0,"21":0,"22":156,"23":2,"24":15,"25":80,"26":0},"b":{"0":[360,270,245,242],"1":[360,0],"2":[360,0],"3":[360,0],"4":[360,118,118,118],"5":[111,532],"6":[0,643],"7":[643,0],"8":[1,1],"9":[2,1],"10":[3,23],"11":[8,18]},"_coverageSchema":"1a1c01bbd47fc00a2c39e90264f33305004495a9","hash":"7c09ac8f5bfecab2fbd2ec4ff2bce36295f85be4"}
}
