TN:
SF:src\components\auth\RouteGuard.jsx
FN:4,(anonymous_0)
FN:5,(anonymous_1)
FN:6,(anonymous_2)
FN:19,(anonymous_3)
FNF:4
FNH:4
FNDA:3,(anonymous_0)
FNDA:6,(anonymous_1)
FNDA:6,(anonymous_2)
FNDA:3,(anonymous_3)
DA:4,1
DA:5,6
DA:6,6
DA:7,3
DA:9,3
DA:10,1
DA:13,2
DA:14,1
DA:17,1
DA:18,1
DA:19,3
DA:21,1
DA:22,0
DA:26,1
LF:14
LH:13
BRDA:9,0,0,1
BRDA:9,0,1,2
BRDA:13,1,0,1
BRDA:13,1,1,1
BRDA:13,2,0,2
BRDA:13,2,1,1
BRDA:13,2,2,1
BRDA:17,3,0,1
BRDA:17,3,1,0
BRDA:19,4,0,3
BRDA:19,4,1,2
BRDA:21,5,0,0
BRDA:21,5,1,1
BRF:13
BRH:11
end_of_record
TN:
SF:src\pages\auth\ForgotPasswordPage.jsx
FN:11,(anonymous_0)
FN:20,(anonymous_1)
FNF:2
FNH:2
FNDA:7,(anonymous_0)
FNDA:1,(anonymous_1)
DA:7,1
DA:11,1
DA:12,7
DA:18,7
DA:20,7
DA:21,1
DA:22,1
DA:25,7
LF:8
LH:8
BRDA:38,0,0,7
BRDA:38,0,1,1
BRF:2
BRH:2
end_of_record
TN:
SF:src\pages\dashboard\DashboardPage.jsx
FN:53,(anonymous_0)
FN:55,(anonymous_1)
FN:56,(anonymous_2)
FN:57,(anonymous_3)
FN:58,(anonymous_4)
FN:59,(anonymous_5)
FN:60,(anonymous_6)
FN:61,(anonymous_7)
FN:62,(anonymous_8)
FN:63,(anonymous_9)
FN:72,(anonymous_10)
FN:90,(anonymous_11)
FN:101,(anonymous_12)
FN:107,(anonymous_13)
FN:113,(anonymous_14)
FN:125,(anonymous_15)
FN:138,(anonymous_16)
FN:139,(anonymous_17)
FN:144,(anonymous_18)
FN:161,(anonymous_19)
FN:206,(anonymous_20)
FN:262,(anonymous_21)
FN:325,(anonymous_22)
FNF:23
FNH:23
FNDA:4,(anonymous_0)
FNDA:10,(anonymous_1)
FNDA:10,(anonymous_2)
FNDA:10,(anonymous_3)
FNDA:10,(anonymous_4)
FNDA:10,(anonymous_5)
FNDA:10,(anonymous_6)
FNDA:10,(anonymous_7)
FNDA:10,(anonymous_8)
FNDA:10,(anonymous_9)
FNDA:4,(anonymous_10)
FNDA:10,(anonymous_11)
FNDA:120,(anonymous_12)
FNDA:120,(anonymous_13)
FNDA:120,(anonymous_14)
FNDA:1,(anonymous_15)
FNDA:1,(anonymous_16)
FNDA:36,(anonymous_17)
FNDA:1,(anonymous_18)
FNDA:14,(anonymous_19)
FNDA:14,(anonymous_20)
FNDA:6,(anonymous_21)
FNDA:1,(anonymous_22)
DA:38,1
DA:47,1
DA:53,1
DA:54,4
DA:55,10
DA:56,10
DA:57,10
DA:58,10
DA:59,10
DA:60,10
DA:61,10
DA:62,10
DA:63,10
DA:65,4
DA:66,4
DA:67,4
DA:68,4
DA:70,4
DA:72,4
DA:73,4
DA:74,0
DA:77,4
DA:78,1
DA:81,4
DA:82,1
DA:85,4
DA:86,1
DA:90,10
DA:92,4
DA:101,120
DA:107,120
DA:113,120
DA:125,1
DA:137,4
DA:138,1
DA:139,36
DA:144,4
DA:149,4
DA:150,2
DA:162,14
DA:194,2
DA:207,14
DA:263,6
DA:326,1
LF:44
LH:43
BRDA:65,0,0,4
BRDA:65,0,1,0
BRDA:66,1,0,4
BRDA:66,1,1,0
BRDA:67,2,0,4
BRDA:67,2,1,0
BRDA:68,3,0,4
BRDA:68,3,1,0
BRDA:70,4,0,4
BRDA:70,4,1,2
BRDA:70,4,2,2
BRDA:70,4,3,2
BRDA:70,4,4,2
BRDA:73,5,0,0
BRDA:73,5,1,4
BRDA:73,6,0,4
BRDA:73,6,1,0
BRDA:77,7,0,1
BRDA:77,7,1,3
BRDA:77,8,0,4
BRDA:77,8,1,1
BRDA:81,9,0,1
BRDA:81,9,1,3
BRDA:81,10,0,4
BRDA:81,10,1,1
BRDA:85,11,0,1
BRDA:85,11,1,3
BRDA:85,12,0,4
BRDA:85,12,1,1
BRDA:90,13,0,4
BRDA:90,13,1,2
BRDA:125,14,0,1
BRDA:125,14,1,0
BRDA:137,15,0,1
BRDA:137,15,1,3
BRDA:149,16,0,2
BRDA:149,16,1,2
BRF:37
BRH:30
end_of_record
TN:
SF:src\pages\procurement\ProcurementPage.jsx
FN:39,(anonymous_0)
FN:50,(anonymous_1)
FN:57,(anonymous_2)
FN:66,(anonymous_3)
FN:70,(anonymous_4)
FN:71,(anonymous_5)
FN:72,(anonymous_6)
FN:75,(anonymous_7)
FN:78,(anonymous_8)
FN:93,(anonymous_9)
FN:95,(anonymous_10)
FN:110,(anonymous_11)
FN:117,(anonymous_12)
FN:118,(anonymous_13)
FN:124,(anonymous_14)
FN:128,(anonymous_15)
FN:129,(anonymous_16)
FN:141,(anonymous_17)
FN:171,(anonymous_18)
FN:177,(anonymous_19)
FN:186,(anonymous_20)
FN:187,(anonymous_21)
FN:206,(anonymous_22)
FN:212,(anonymous_23)
FN:224,(anonymous_24)
FN:230,(anonymous_25)
FN:243,(anonymous_26)
FNF:27
FNH:21
FNDA:54,(anonymous_0)
FNDA:0,(anonymous_1)
FNDA:26,(anonymous_2)
FNDA:12,(anonymous_3)
FNDA:3,(anonymous_4)
FNDA:3,(anonymous_5)
FNDA:3,(anonymous_6)
FNDA:12,(anonymous_7)
FNDA:360,(anonymous_8)
FNDA:14,(anonymous_9)
FNDA:643,(anonymous_10)
FNDA:14,(anonymous_11)
FNDA:2,(anonymous_12)
FNDA:2,(anonymous_13)
FNDA:0,(anonymous_14)
FNDA:1,(anonymous_15)
FNDA:30,(anonymous_16)
FNDA:30,(anonymous_17)
FNDA:9,(anonymous_18)
FNDA:0,(anonymous_19)
FNDA:0,(anonymous_20)
FNDA:0,(anonymous_21)
FNDA:156,(anonymous_22)
FNDA:2,(anonymous_23)
FNDA:15,(anonymous_24)
FNDA:80,(anonymous_25)
FNDA:0,(anonymous_26)
DA:32,1
DA:39,1
DA:40,54
DA:50,0
DA:57,1
DA:58,26
DA:59,26
DA:60,26
DA:61,26
DA:62,26
DA:63,26
DA:64,26
DA:66,26
DA:67,12
DA:70,26
DA:71,3
DA:72,3
DA:75,26
DA:76,12
DA:78,12
DA:80,360
DA:85,360
DA:86,360
DA:87,360
DA:89,360
DA:93,26
DA:94,14
DA:95,14
DA:96,643
DA:97,643
DA:98,643
DA:100,643
DA:101,0
DA:104,643
DA:107,14
DA:110,26
DA:111,14
DA:112,14
DA:115,26
DA:117,26
DA:118,2
DA:124,26
DA:125,0
DA:128,26
DA:129,30
DA:138,1
DA:139,1
DA:141,30
DA:144,1
DA:145,1
DA:146,1
DA:147,1
DA:148,1
DA:149,1
DA:150,1
DA:153,26
DA:171,9
DA:177,0
DA:186,0
DA:187,0
DA:207,156
DA:212,2
DA:225,15
DA:230,80
DA:243,0
LF:65
LH:58
BRDA:80,0,0,360
BRDA:80,0,1,270
BRDA:80,0,2,245
BRDA:80,0,3,242
BRDA:85,1,0,360
BRDA:85,1,1,0
BRDA:86,2,0,360
BRDA:86,2,1,0
BRDA:87,3,0,360
BRDA:87,3,1,0
BRDA:89,4,0,360
BRDA:89,4,1,118
BRDA:89,4,2,118
BRDA:89,4,3,118
BRDA:98,5,0,111
BRDA:98,5,1,532
BRDA:100,6,0,0
BRDA:100,6,1,643
BRDA:100,7,0,643
BRDA:100,7,1,0
BRDA:120,8,0,1
BRDA:120,8,1,1
BRDA:120,9,0,2
BRDA:120,9,1,1
BRDA:223,10,0,3
BRDA:223,10,1,23
BRDA:236,11,0,8
BRDA:236,11,1,18
BRF:28
BRH:23
end_of_record
